<?xml version="1.0" encoding="UTF-8"?>
<testsuite name="io.lucasvalenteds.factory.MainTest" tests="4" skipped="0" failures="0" errors="0" timestamp="2019-09-25T11:38:53" hostname="i3567" time="0.039">
  <properties/>
  <testcase name="testItCanDrawSomeShape(ShapeType, String)[1]" classname="io.lucasvalenteds.factory.MainTest" time="0.028"/>
  <testcase name="testItCanDrawSomeShape(ShapeType, String)[2]" classname="io.lucasvalenteds.factory.MainTest" time="0.001"/>
  <testcase name="testItCanDrawSomeShape(ShapeType, String)[3]" classname="io.lucasvalenteds.factory.MainTest" time="0.001"/>
  <testcase name="testItCanDrawSomeShape(ShapeType, String)[4]" classname="io.lucasvalenteds.factory.MainTest" time="0.001"/>
  <system-out><![CDATA[]]></system-out>
  <system-err><![CDATA[]]></system-err>
</testsuite>
